<?xml version="1.0" encoding="UTF-8"?>
<testsuite xmlns:xsi="http://www.w3.org/2001/XMLSchema-instance" xsi:noNamespaceSchemaLocation="https://maven.apache.org/surefire/maven-surefire-plugin/xsd/surefire-test-report.xsd" name="TestSuite" time="0.729" tests="10" errors="0" skipped="9" failures="1">
  <properties>
    <property name="java.specification.version" value="21"/>
    <property name="sun.jnu.encoding" value="UTF-8"/>
    <property name="java.class.path" value="/Users/shivakumar.mudili/Desktop/DAZN/target/test-classes:/Users/shivakumar.mudili/Desktop/DAZN/target/classes:/Users/shivakumar.mudili/.m2/repository/org/seleniumhq/selenium/selenium-java/3.141.59/selenium-java-3.141.59.jar:/Users/shivakumar.mudili/.m2/repository/org/seleniumhq/selenium/selenium-api/3.141.59/selenium-api-3.141.59.jar:/Users/shivakumar.mudili/.m2/repository/org/seleniumhq/selenium/selenium-chrome-driver/3.141.59/selenium-chrome-driver-3.141.59.jar:/Users/shivakumar.mudili/.m2/repository/org/seleniumhq/selenium/selenium-edge-driver/3.141.59/selenium-edge-driver-3.141.59.jar:/Users/shivakumar.mudili/.m2/repository/org/seleniumhq/selenium/selenium-firefox-driver/3.141.59/selenium-firefox-driver-3.141.59.jar:/Users/shivakumar.mudili/.m2/repository/org/seleniumhq/selenium/selenium-ie-driver/3.141.59/selenium-ie-driver-3.141.59.jar:/Users/shivakumar.mudili/.m2/repository/org/seleniumhq/selenium/selenium-opera-driver/3.141.59/selenium-opera-driver-3.141.59.jar:/Users/shivakumar.mudili/.m2/repository/org/seleniumhq/selenium/selenium-remote-driver/3.141.59/selenium-remote-driver-3.141.59.jar:/Users/shivakumar.mudili/.m2/repository/org/seleniumhq/selenium/selenium-safari-driver/3.141.59/selenium-safari-driver-3.141.59.jar:/Users/shivakumar.mudili/.m2/repository/org/seleniumhq/selenium/selenium-support/3.141.59/selenium-support-3.141.59.jar:/Users/shivakumar.mudili/.m2/repository/net/bytebuddy/byte-buddy/1.8.15/byte-buddy-1.8.15.jar:/Users/shivakumar.mudili/.m2/repository/org/apache/commons/commons-exec/1.3/commons-exec-1.3.jar:/Users/shivakumar.mudili/.m2/repository/com/google/guava/guava/25.0-jre/guava-25.0-jre.jar:/Users/shivakumar.mudili/.m2/repository/com/google/code/findbugs/jsr305/1.3.9/jsr305-1.3.9.jar:/Users/shivakumar.mudili/.m2/repository/org/checkerframework/checker-compat-qual/2.0.0/checker-compat-qual-2.0.0.jar:/Users/shivakumar.mudili/.m2/repository/com/google/errorprone/error_prone_annotations/2.1.3/error_prone_annotations-2.1.3.jar:/Users/shivakumar.mudili/.m2/repository/com/google/j2objc/j2objc-annotations/1.1/j2objc-annotations-1.1.jar:/Users/shivakumar.mudili/.m2/repository/org/codehaus/mojo/animal-sniffer-annotations/1.14/animal-sniffer-annotations-1.14.jar:/Users/shivakumar.mudili/.m2/repository/com/squareup/okhttp3/okhttp/3.11.0/okhttp-3.11.0.jar:/Users/shivakumar.mudili/.m2/repository/com/squareup/okio/okio/1.14.0/okio-1.14.0.jar:/Users/shivakumar.mudili/.m2/repository/io/appium/java-client/7.5.1/java-client-7.5.1.jar:/Users/shivakumar.mudili/.m2/repository/com/google/code/gson/gson/2.8.6/gson-2.8.6.jar:/Users/shivakumar.mudili/.m2/repository/org/apache/httpcomponents/httpclient/4.5.13/httpclient-4.5.13.jar:/Users/shivakumar.mudili/.m2/repository/org/apache/httpcomponents/httpcore/4.4.13/httpcore-4.4.13.jar:/Users/shivakumar.mudili/.m2/repository/commons-logging/commons-logging/1.2/commons-logging-1.2.jar:/Users/shivakumar.mudili/.m2/repository/commons-codec/commons-codec/1.11/commons-codec-1.11.jar:/Users/shivakumar.mudili/.m2/repository/cglib/cglib/3.3.0/cglib-3.3.0.jar:/Users/shivakumar.mudili/.m2/repository/org/ow2/asm/asm/7.1/asm-7.1.jar:/Users/shivakumar.mudili/.m2/repository/commons-validator/commons-validator/1.7/commons-validator-1.7.jar:/Users/shivakumar.mudili/.m2/repository/commons-beanutils/commons-beanutils/1.9.4/commons-beanutils-1.9.4.jar:/Users/shivakumar.mudili/.m2/repository/commons-digester/commons-digester/2.1/commons-digester-2.1.jar:/Users/shivakumar.mudili/.m2/repository/commons-collections/commons-collections/3.2.2/commons-collections-3.2.2.jar:/Users/shivakumar.mudili/.m2/repository/org/apache/commons/commons-lang3/3.12.0/commons-lang3-3.12.0.jar:/Users/shivakumar.mudili/.m2/repository/commons-io/commons-io/2.8.0/commons-io-2.8.0.jar:/Users/shivakumar.mudili/.m2/repository/org/springframework/spring-context/5.3.4/spring-context-5.3.4.jar:/Users/shivakumar.mudili/.m2/repository/org/springframework/spring-aop/5.3.4/spring-aop-5.3.4.jar:/Users/shivakumar.mudili/.m2/repository/org/springframework/spring-beans/5.3.4/spring-beans-5.3.4.jar:/Users/shivakumar.mudili/.m2/repository/org/springframework/spring-core/5.3.4/spring-core-5.3.4.jar:/Users/shivakumar.mudili/.m2/repository/org/springframework/spring-jcl/5.3.4/spring-jcl-5.3.4.jar:/Users/shivakumar.mudili/.m2/repository/org/springframework/spring-expression/5.3.4/spring-expression-5.3.4.jar:/Users/shivakumar.mudili/.m2/repository/org/aspectj/aspectjweaver/1.9.6/aspectjweaver-1.9.6.jar:/Users/shivakumar.mudili/.m2/repository/org/slf4j/slf4j-api/1.7.30/slf4j-api-1.7.30.jar:/Users/shivakumar.mudili/.m2/repository/org/testng/testng/7.4.0/testng-7.4.0.jar:/Users/shivakumar.mudili/.m2/repository/com/beust/jcommander/1.78/jcommander-1.78.jar:/Users/shivakumar.mudili/.m2/repository/org/webjars/jquery/3.5.1/jquery-3.5.1.jar:/Users/shivakumar.mudili/.m2/repository/com/relevantcodes/extentreports/2.41.2/extentreports-2.41.2.jar:/Users/shivakumar.mudili/.m2/repository/org/jsoup/jsoup/1.8.3/jsoup-1.8.3.jar:/Users/shivakumar.mudili/.m2/repository/org/xerial/sqlite-jdbc/3.8.11.1/sqlite-jdbc-3.8.11.1.jar:/Users/shivakumar.mudili/.m2/repository/org/freemarker/freemarker/2.3.23/freemarker-2.3.23.jar:/Users/shivakumar.mudili/.m2/repository/org/mongodb/mongodb-driver/3.0.4/mongodb-driver-3.0.4.jar:/Users/shivakumar.mudili/.m2/repository/org/mongodb/bson/3.0.4/bson-3.0.4.jar:/Users/shivakumar.mudili/.m2/repository/org/mongodb/mongodb-driver-core/3.0.4/mongodb-driver-core-3.0.4.jar:/Users/shivakumar.mudili/.m2/repository/com/aventstack/extentreports/5.1.1/extentreports-5.1.1.jar:/Users/shivakumar.mudili/.m2/repository/io/reactivex/rxjava3/rxjava/3.1.6/rxjava-3.1.6.jar:/Users/shivakumar.mudili/.m2/repository/org/reactivestreams/reactive-streams/1.0.4/reactive-streams-1.0.4.jar:/Users/shivakumar.mudili/.m2/repository/org/projectlombok/lombok/1.18.26/lombok-1.18.26.jar:"/>
    <property name="java.vm.vendor" value="Homebrew"/>
    <property name="sun.arch.data.model" value="64"/>
    <property name="java.vendor.url" value="https://github.com/Homebrew/homebrew-core/issues"/>
    <property name="os.name" value="Mac OS X"/>
    <property name="java.vm.specification.version" value="21"/>
    <property name="sun.java.launcher" value="SUN_STANDARD"/>
    <property name="user.country" value="IN"/>
    <property name="sun.boot.library.path" value="/opt/homebrew/Cellar/openjdk/21.0.2/libexec/openjdk.jdk/Contents/Home/lib"/>
    <property name="sun.java.command" value="/Users/shivakumar.mudili/Desktop/DAZN/target/surefire/surefirebooter6901560472938658022.jar /Users/shivakumar.mudili/Desktop/DAZN/target/surefire 2024-02-07T22-12-07_120-jvmRun1 surefire4638476863167287064tmp surefire_09228508582277059017tmp"/>
    <property name="jdk.debug" value="release"/>
    <property name="surefire.test.class.path" value="/Users/shivakumar.mudili/Desktop/DAZN/target/test-classes:/Users/shivakumar.mudili/Desktop/DAZN/target/classes:/Users/shivakumar.mudili/.m2/repository/org/seleniumhq/selenium/selenium-java/3.141.59/selenium-java-3.141.59.jar:/Users/shivakumar.mudili/.m2/repository/org/seleniumhq/selenium/selenium-api/3.141.59/selenium-api-3.141.59.jar:/Users/shivakumar.mudili/.m2/repository/org/seleniumhq/selenium/selenium-chrome-driver/3.141.59/selenium-chrome-driver-3.141.59.jar:/Users/shivakumar.mudili/.m2/repository/org/seleniumhq/selenium/selenium-edge-driver/3.141.59/selenium-edge-driver-3.141.59.jar:/Users/shivakumar.mudili/.m2/repository/org/seleniumhq/selenium/selenium-firefox-driver/3.141.59/selenium-firefox-driver-3.141.59.jar:/Users/shivakumar.mudili/.m2/repository/org/seleniumhq/selenium/selenium-ie-driver/3.141.59/selenium-ie-driver-3.141.59.jar:/Users/shivakumar.mudili/.m2/repository/org/seleniumhq/selenium/selenium-opera-driver/3.141.59/selenium-opera-driver-3.141.59.jar:/Users/shivakumar.mudili/.m2/repository/org/seleniumhq/selenium/selenium-remote-driver/3.141.59/selenium-remote-driver-3.141.59.jar:/Users/shivakumar.mudili/.m2/repository/org/seleniumhq/selenium/selenium-safari-driver/3.141.59/selenium-safari-driver-3.141.59.jar:/Users/shivakumar.mudili/.m2/repository/org/seleniumhq/selenium/selenium-support/3.141.59/selenium-support-3.141.59.jar:/Users/shivakumar.mudili/.m2/repository/net/bytebuddy/byte-buddy/1.8.15/byte-buddy-1.8.15.jar:/Users/shivakumar.mudili/.m2/repository/org/apache/commons/commons-exec/1.3/commons-exec-1.3.jar:/Users/shivakumar.mudili/.m2/repository/com/google/guava/guava/25.0-jre/guava-25.0-jre.jar:/Users/shivakumar.mudili/.m2/repository/com/google/code/findbugs/jsr305/1.3.9/jsr305-1.3.9.jar:/Users/shivakumar.mudili/.m2/repository/org/checkerframework/checker-compat-qual/2.0.0/checker-compat-qual-2.0.0.jar:/Users/shivakumar.mudili/.m2/repository/com/google/errorprone/error_prone_annotations/2.1.3/error_prone_annotations-2.1.3.jar:/Users/shivakumar.mudili/.m2/repository/com/google/j2objc/j2objc-annotations/1.1/j2objc-annotations-1.1.jar:/Users/shivakumar.mudili/.m2/repository/org/codehaus/mojo/animal-sniffer-annotations/1.14/animal-sniffer-annotations-1.14.jar:/Users/shivakumar.mudili/.m2/repository/com/squareup/okhttp3/okhttp/3.11.0/okhttp-3.11.0.jar:/Users/shivakumar.mudili/.m2/repository/com/squareup/okio/okio/1.14.0/okio-1.14.0.jar:/Users/shivakumar.mudili/.m2/repository/io/appium/java-client/7.5.1/java-client-7.5.1.jar:/Users/shivakumar.mudili/.m2/repository/com/google/code/gson/gson/2.8.6/gson-2.8.6.jar:/Users/shivakumar.mudili/.m2/repository/org/apache/httpcomponents/httpclient/4.5.13/httpclient-4.5.13.jar:/Users/shivakumar.mudili/.m2/repository/org/apache/httpcomponents/httpcore/4.4.13/httpcore-4.4.13.jar:/Users/shivakumar.mudili/.m2/repository/commons-logging/commons-logging/1.2/commons-logging-1.2.jar:/Users/shivakumar.mudili/.m2/repository/commons-codec/commons-codec/1.11/commons-codec-1.11.jar:/Users/shivakumar.mudili/.m2/repository/cglib/cglib/3.3.0/cglib-3.3.0.jar:/Users/shivakumar.mudili/.m2/repository/org/ow2/asm/asm/7.1/asm-7.1.jar:/Users/shivakumar.mudili/.m2/repository/commons-validator/commons-validator/1.7/commons-validator-1.7.jar:/Users/shivakumar.mudili/.m2/repository/commons-beanutils/commons-beanutils/1.9.4/commons-beanutils-1.9.4.jar:/Users/shivakumar.mudili/.m2/repository/commons-digester/commons-digester/2.1/commons-digester-2.1.jar:/Users/shivakumar.mudili/.m2/repository/commons-collections/commons-collections/3.2.2/commons-collections-3.2.2.jar:/Users/shivakumar.mudili/.m2/repository/org/apache/commons/commons-lang3/3.12.0/commons-lang3-3.12.0.jar:/Users/shivakumar.mudili/.m2/repository/commons-io/commons-io/2.8.0/commons-io-2.8.0.jar:/Users/shivakumar.mudili/.m2/repository/org/springframework/spring-context/5.3.4/spring-context-5.3.4.jar:/Users/shivakumar.mudili/.m2/repository/org/springframework/spring-aop/5.3.4/spring-aop-5.3.4.jar:/Users/shivakumar.mudili/.m2/repository/org/springframework/spring-beans/5.3.4/spring-beans-5.3.4.jar:/Users/shivakumar.mudili/.m2/repository/org/springframework/spring-core/5.3.4/spring-core-5.3.4.jar:/Users/shivakumar.mudili/.m2/repository/org/springframework/spring-jcl/5.3.4/spring-jcl-5.3.4.jar:/Users/shivakumar.mudili/.m2/repository/org/springframework/spring-expression/5.3.4/spring-expression-5.3.4.jar:/Users/shivakumar.mudili/.m2/repository/org/aspectj/aspectjweaver/1.9.6/aspectjweaver-1.9.6.jar:/Users/shivakumar.mudili/.m2/repository/org/slf4j/slf4j-api/1.7.30/slf4j-api-1.7.30.jar:/Users/shivakumar.mudili/.m2/repository/org/testng/testng/7.4.0/testng-7.4.0.jar:/Users/shivakumar.mudili/.m2/repository/com/beust/jcommander/1.78/jcommander-1.78.jar:/Users/shivakumar.mudili/.m2/repository/org/webjars/jquery/3.5.1/jquery-3.5.1.jar:/Users/shivakumar.mudili/.m2/repository/com/relevantcodes/extentreports/2.41.2/extentreports-2.41.2.jar:/Users/shivakumar.mudili/.m2/repository/org/jsoup/jsoup/1.8.3/jsoup-1.8.3.jar:/Users/shivakumar.mudili/.m2/repository/org/xerial/sqlite-jdbc/3.8.11.1/sqlite-jdbc-3.8.11.1.jar:/Users/shivakumar.mudili/.m2/repository/org/freemarker/freemarker/2.3.23/freemarker-2.3.23.jar:/Users/shivakumar.mudili/.m2/repository/org/mongodb/mongodb-driver/3.0.4/mongodb-driver-3.0.4.jar:/Users/shivakumar.mudili/.m2/repository/org/mongodb/bson/3.0.4/bson-3.0.4.jar:/Users/shivakumar.mudili/.m2/repository/org/mongodb/mongodb-driver-core/3.0.4/mongodb-driver-core-3.0.4.jar:/Users/shivakumar.mudili/.m2/repository/com/aventstack/extentreports/5.1.1/extentreports-5.1.1.jar:/Users/shivakumar.mudili/.m2/repository/io/reactivex/rxjava3/rxjava/3.1.6/rxjava-3.1.6.jar:/Users/shivakumar.mudili/.m2/repository/org/reactivestreams/reactive-streams/1.0.4/reactive-streams-1.0.4.jar:/Users/shivakumar.mudili/.m2/repository/org/projectlombok/lombok/1.18.26/lombok-1.18.26.jar:"/>
    <property name="sun.cpu.endian" value="little"/>
    <property name="user.home" value="/Users/shivakumar.mudili"/>
    <property name="user.language" value="en"/>
    <property name="java.specification.vendor" value="Oracle Corporation"/>
    <property name="java.version.date" value="2024-01-16"/>
    <property name="java.home" value="/opt/homebrew/Cellar/openjdk/21.0.2/libexec/openjdk.jdk/Contents/Home"/>
    <property name="file.separator" value="/"/>
    <property name="basedir" value="/Users/shivakumar.mudili/Desktop/DAZN"/>
    <property name="java.vm.compressedOopsMode" value="Zero based"/>
    <property name="line.separator" value="&#10;"/>
    <property name="java.specification.name" value="Java Platform API Specification"/>
    <property name="java.vm.specification.vendor" value="Oracle Corporation"/>
    <property name="apple.awt.application.name" value="ForkedBooter"/>
    <property name="surefire.real.class.path" value="/Users/shivakumar.mudili/Desktop/DAZN/target/surefire/surefirebooter6901560472938658022.jar"/>
    <property name="sun.management.compiler" value="HotSpot 64-Bit Tiered Compilers"/>
    <property name="java.runtime.version" value="21.0.2"/>
    <property name="user.name" value="shivakumar.mudili"/>
    <property name="stdout.encoding" value="UTF-8"/>
    <property name="path.separator" value=":"/>
    <property name="os.version" value="13.6.4"/>
    <property name="java.runtime.name" value="OpenJDK Runtime Environment"/>
    <property name="file.encoding" value="UTF-8"/>
    <property name="java.vm.name" value="OpenJDK 64-Bit Server VM"/>
    <property name="java.vendor.version" value="Homebrew"/>
    <property name="localRepository" value="/Users/shivakumar.mudili/.m2/repository"/>
    <property name="java.vendor.url.bug" value="https://github.com/Homebrew/homebrew-core/issues"/>
    <property name="java.io.tmpdir" value="/var/folders/8d/hrh3rvzn4g5449xzwv0820b00000gp/T/"/>
    <property name="java.version" value="21.0.2"/>
    <property name="user.dir" value="/Users/shivakumar.mudili/Desktop/DAZN"/>
    <property name="os.arch" value="aarch64"/>
    <property name="java.vm.specification.name" value="Java Virtual Machine Specification"/>
    <property name="native.encoding" value="UTF-8"/>
    <property name="java.library.path" value="/Users/shivakumar.mudili/Library/Java/Extensions:/Library/Java/Extensions:/Network/Library/Java/Extensions:/System/Library/Java/Extensions:/usr/lib/java:."/>
    <property name="java.vm.info" value="mixed mode, sharing"/>
    <property name="stderr.encoding" value="UTF-8"/>
    <property name="java.vendor" value="Homebrew"/>
    <property name="java.vm.version" value="21.0.2"/>
    <property name="sun.io.unicode.encoding" value="UnicodeBig"/>
    <property name="java.class.version" value="65.0"/>
  </properties>
  <testcase name="setUp" classname="test.cases.LoginAppValidation" time="0.597">
    <failure message="Connection refused&#10;Build info: version: &apos;3.141.59&apos;, revision: &apos;e82be7d358&apos;, time: &apos;2018-11-14T08:17:03&apos;&#10;System info: host: &apos;IN-LYQPY64XJ9&apos;, ip: &apos;2407:ff00:12:1ea:8c99:e3cb:2e95:9e55%en0&apos;, os.name: &apos;Mac OS X&apos;, os.arch: &apos;aarch64&apos;, os.version: &apos;13.6.4&apos;, java.version: &apos;21.0.2&apos;&#10;Driver info: driver.version: AppiumDriver" type="org.openqa.selenium.WebDriverException">org.openqa.selenium.WebDriverException: 
Connection refused
Build info: version: '3.141.59', revision: 'e82be7d358', time: '2018-11-14T08:17:03'
System info: host: 'IN-LYQPY64XJ9', ip: '2407:ff00:12:1ea:8c99:e3cb:2e95:9e55%en0', os.name: 'Mac OS X', os.arch: 'aarch64', os.version: '13.6.4', java.version: '21.0.2'
Driver info: driver.version: AppiumDriver
	at test.cases.LoginAppValidation.setUp(LoginAppValidation.java:61)
Caused by: java.net.ConnectException: Connection refused
	at test.cases.LoginAppValidation.setUp(LoginAppValidation.java:61)
</failure>
    <system-out><![CDATA[DAZN App Automation test report_Wed_Feb_07_22_12_07_IST_2024.html
]]></system-out>
  </testcase>
  <testcase name="Allow" classname="test.cases.LoginAppValidation" time="0">
    <skipped message="Connection refused&#10;Build info: version: &apos;3.141.59&apos;, revision: &apos;e82be7d358&apos;, time: &apos;2018-11-14T08:17:03&apos;&#10;System info: host: &apos;IN-LYQPY64XJ9&apos;, ip: &apos;2407:ff00:12:1ea:8c99:e3cb:2e95:9e55%en0&apos;, os.name: &apos;Mac OS X&apos;, os.arch: &apos;aarch64&apos;, os.version: &apos;13.6.4&apos;, java.version: &apos;21.0.2&apos;&#10;Driver info: driver.version: AppiumDriver"/>
  </testcase>
  <testcase name="tearDown" classname="test.cases.LoginAppValidation" time="0">
    <skipped/>
  </testcase>
  <testcase name="tearDown" classname="test.cases.LoginAppValidation" time="0">
    <skipped/>
  </testcase>
  <testcase name="tearDown" classname="test.cases.LoginAppValidation" time="0">
    <skipped/>
  </testcase>
  <testcase name="tearDown" classname="test.cases.LoginAppValidation" time="0">
    <skipped/>
  </testcase>
  <testcase name="user" classname="test.cases.LoginAppValidation" time="0">
    <skipped message="Connection refused&#10;Build info: version: &apos;3.141.59&apos;, revision: &apos;e82be7d358&apos;, time: &apos;2018-11-14T08:17:03&apos;&#10;System info: host: &apos;IN-LYQPY64XJ9&apos;, ip: &apos;2407:ff00:12:1ea:8c99:e3cb:2e95:9e55%en0&apos;, os.name: &apos;Mac OS X&apos;, os.arch: &apos;aarch64&apos;, os.version: &apos;13.6.4&apos;, java.version: &apos;21.0.2&apos;&#10;Driver info: driver.version: AppiumDriver"/>
  </testcase>
  <testcase name="password" classname="test.cases.LoginAppValidation" time="0">
    <skipped message="Connection refused&#10;Build info: version: &apos;3.141.59&apos;, revision: &apos;e82be7d358&apos;, time: &apos;2018-11-14T08:17:03&apos;&#10;System info: host: &apos;IN-LYQPY64XJ9&apos;, ip: &apos;2407:ff00:12:1ea:8c99:e3cb:2e95:9e55%en0&apos;, os.name: &apos;Mac OS X&apos;, os.arch: &apos;aarch64&apos;, os.version: &apos;13.6.4&apos;, java.version: &apos;21.0.2&apos;&#10;Driver info: driver.version: AppiumDriver"/>
  </testcase>
  <testcase name="lgnBtn" classname="test.cases.LoginAppValidation" time="0">
    <skipped message="Connection refused&#10;Build info: version: &apos;3.141.59&apos;, revision: &apos;e82be7d358&apos;, time: &apos;2018-11-14T08:17:03&apos;&#10;System info: host: &apos;IN-LYQPY64XJ9&apos;, ip: &apos;2407:ff00:12:1ea:8c99:e3cb:2e95:9e55%en0&apos;, os.name: &apos;Mac OS X&apos;, os.arch: &apos;aarch64&apos;, os.version: &apos;13.6.4&apos;, java.version: &apos;21.0.2&apos;&#10;Driver info: driver.version: AppiumDriver"/>
  </testcase>
  <testcase name="suiteTearDown" classname="test.cases.LoginAppValidation" time="0">
    <skipped/>
  </testcase>
</testsuite>